\BOOKMARK [0][-]{section*.1}{Contents}{}% 1
\BOOKMARK [0][-]{chapter.1}{Introduction}{}% 2
\BOOKMARK [0][-]{chapter.2}{Related work}{}% 3
\BOOKMARK [0][-]{chapter.3}{Model}{}% 4
\BOOKMARK [1][-]{section.3.1}{ParallelVAE}{chapter.3}% 5
\BOOKMARK [2][-]{subsection.3.1.1}{Training}{section.3.1}% 6
\BOOKMARK [2][-]{subsection.3.1.2}{Intuition}{section.3.1}% 7
\BOOKMARK [0][-]{chapter.4}{Results}{}% 8
\BOOKMARK [1][-]{section.4.1}{MNIST}{chapter.4}% 9
\BOOKMARK [2][-]{subsection.4.1.1}{2-MNIST}{section.4.1}% 10
\BOOKMARK [2][-]{subsection.4.1.2}{5-MNIST}{section.4.1}% 11
\BOOKMARK [2][-]{subsection.4.1.3}{Together training}{section.4.1}% 12
\BOOKMARK [2][-]{subsection.4.1.4}{KL loss as information}{section.4.1}% 13
\BOOKMARK [2][-]{subsection.4.1.5}{Conclusions from MNIST}{section.4.1}% 14
\BOOKMARK [1][-]{section.4.2}{Fashion MNIST}{chapter.4}% 15
\BOOKMARK [1][-]{section.4.3}{Clevr}{chapter.4}% 16
\BOOKMARK [2][-]{subsection.4.3.1}{Spatial Broadcast Decoder}{section.4.3}% 17
\BOOKMARK [2][-]{subsection.4.3.2}{Tandem VAE's on Clevr}{section.4.3}% 18
\BOOKMARK [0][-]{chapter.5}{Conclusions \046 Future work}{}% 19
\BOOKMARK [0][-]{appendix.A}{Methods}{}% 20
\BOOKMARK [0][-]{appendix*.2}{Bibliography}{}% 21
